2026-01-05 15:00:00 [scheduling-1] INFO  o.b.hrmanagement.task.LogBackupTask - 开始执行日志备份任务
2026-01-05 15:00:00 [scheduling-1] ERROR o.b.hrmanagement.task.LogBackupTask - 执行日志备份任务时发生错误
java.nio.file.FileSystemException: logs\hr-app.log -> D:\Springboot\1216\hr-management\logs\bak\2026-01-05\hr-app.log: 另一个程序正在使用此文件，进程无法访问。
	at java.base/sun.nio.fs.WindowsException.translateToIOException(WindowsException.java:92)
	at java.base/sun.nio.fs.WindowsException.rethrowAsIOException(WindowsException.java:103)
	at java.base/sun.nio.fs.WindowsFileCopy.move(WindowsFileCopy.java:403)
	at java.base/sun.nio.fs.WindowsFileSystemProvider.move(WindowsFileSystemProvider.java:293)
	at java.base/java.nio.file.Files.move(Files.java:1432)
	at org.billyz.hrmanagement.task.LogBackupTask.backupLogs(LogBackupTask.java:40)
	at java.base/jdk.internal.reflect.NativeMethodAccessorImpl.invoke0(Native Method)
	at java.base/jdk.internal.reflect.NativeMethodAccessorImpl.invoke(NativeMethodAccessorImpl.java:77)
	at java.base/jdk.internal.reflect.DelegatingMethodAccessorImpl.invoke(DelegatingMethodAccessorImpl.java:43)
	at java.base/java.lang.reflect.Method.invoke(Method.java:569)
	at org.springframework.scheduling.support.ScheduledMethodRunnable.runInternal(ScheduledMethodRunnable.java:130)
	at org.springframework.scheduling.support.ScheduledMethodRunnable.lambda$run$2(ScheduledMethodRunnable.java:124)
	at io.micrometer.observation.Observation.observe(Observation.java:498)
	at org.springframework.scheduling.support.ScheduledMethodRunnable.run(ScheduledMethodRunnable.java:124)
	at org.springframework.scheduling.config.Task$OutcomeTrackingRunnable.run(Task.java:87)
	at org.springframework.scheduling.support.DelegatingErrorHandlingRunnable.run(DelegatingErrorHandlingRunnable.java:54)
	at org.springframework.scheduling.concurrent.ReschedulingRunnable.run(ReschedulingRunnable.java:96)
	at java.base/java.util.concurrent.Executors$RunnableAdapter.call(Executors.java:539)
	at java.base/java.util.concurrent.FutureTask.run(FutureTask.java:264)
	at java.base/java.util.concurrent.ScheduledThreadPoolExecutor$ScheduledFutureTask.run(ScheduledThreadPoolExecutor.java:304)
	at java.base/java.util.concurrent.ThreadPoolExecutor.runWorker(ThreadPoolExecutor.java:1136)
	at java.base/java.util.concurrent.ThreadPoolExecutor$Worker.run(ThreadPoolExecutor.java:635)
	at java.base/java.lang.Thread.run(Thread.java:840)
2026-01-05 15:00:00 [scheduling-1] INFO  o.b.hrmanagement.task.LogBackupTask - 日志备份任务结束
2026-01-05 15:00:57 [main] INFO  org.billyz.hrmanagement.HrApp - Starting HrApp using Java 17.0.14 with PID 253144 (D:\Springboot\1216\hr-management\target\classes started by 35607 in D:\Springboot\1216\hr-management)
2026-01-05 15:00:57 [main] INFO  org.billyz.hrmanagement.HrApp - No active profile set, falling back to 1 default profile: "default"
2026-01-05 15:00:59 [main] INFO  org.billyz.hrmanagement.HrApp - Started HrApp in 2.27 seconds (process running for 2.653)
2026-01-05 15:01:52 [main] INFO  org.billyz.hrmanagement.HrApp - Starting HrApp using Java 17.0.14 with PID 260380 (D:\Springboot\1216\hr-management\target\classes started by 35607 in D:\Springboot\1216\hr-management)
2026-01-05 15:01:52 [main] INFO  org.billyz.hrmanagement.HrApp - No active profile set, falling back to 1 default profile: "default"
2026-01-05 15:01:53 [main] INFO  org.billyz.hrmanagement.HrApp - Started HrApp in 2.026 seconds (process running for 2.348)
